<?xml version="1.0" encoding="UTF-8"?>
<!-- Generated by org.testng.reporters.JUnitReportReporter -->
<testsuite hostname="LAPTOP-2D0MJJ4C" failures="0" tests="6" name="com.playwrite.opencart.HomePageTest" time="26.316" errors="1" timestamp="2023-08-06T17:14:23 IST" skipped="5">
  <testcase classname="com.playwrite.opencart.HomePageTest" name="TC_004" time="0.000">
    <skipped/>
  </testcase> <!-- TC_004 -->
  <system-out/>
  <testcase classname="com.playwrite.opencart.HomePageTest" name="TC_005" time="0.000">
    <skipped/>
  </testcase> <!-- TC_005 -->
  <system-out/>
  <testcase classname="com.playwrite.opencart.HomePageTest" name="TC_005" time="0.000">
    <skipped/>
  </testcase> <!-- TC_005 -->
  <system-out/>
  <testcase classname="com.playwrite.opencart.HomePageTest" name="initializeTest" time="26.315">
    <error message="Error {
  message=&#039;WebSocket error: connect ETIMEDOUT 172.18.0.3:4444
=========================== logs ===========================
&lt;selenium&gt; connecting to http://localhost:4444/wd/hub/
&lt;selenium&gt; connected to sessionId=65378d6f4c9f77317626576177fe3c5c
&lt;selenium&gt; using selenium v4
&lt;selenium&gt; retrieved endpoint ws://172.18.0.3:4444/session/65378d6f4c9f77317626576177fe3c5c/se/cdp for sessionId=65378d6f4c9f77317626576177fe3c5c
&lt;ws connecting&gt; ws://172.18.0.3:4444/session/65378d6f4c9f77317626576177fe3c5c/se/cdp
&lt;ws error&gt; ws://172.18.0.3:4444/session/65378d6f4c9f77317626576177fe3c5c/se/cdp error connect ETIMEDOUT 172.18.0.3:4444
&lt;ws connect error&gt; ws://172.18.0.3:4444/session/65378d6f4c9f77317626576177fe3c5c/se/cdp connect ETIMEDOUT 172.18.0.3:4444
&lt;ws disconnected&gt; ws://172.18.0.3:4444/session/65378d6f4c9f77317626576177fe3c5c/se/cdp code=1006 reason=
&lt;selenium&gt; disconnecting from sessionId=65378d6f4c9f77317626576177fe3c5c
&lt;selenium&gt; disconnected from sessionId=65378d6f4c9f77317626576177fe3c5c
============================================================
  name=&#039;Error
  stack=&#039;Error: WebSocket error: connect ETIMEDOUT 172.18.0.3:4444
=========================== logs ===========================
&lt;selenium&gt; connecting to http://localhost:4444/wd/hub/
&lt;selenium&gt; connected to sessionId=65378d6f4c9f77317626576177fe3c5c
&lt;selenium&gt; using selenium v4
&lt;selenium&gt; retrieved endpoint ws://172.18.0.3:4444/session/65378d6f4c9f77317626576177fe3c5c/se/cdp for sessionId=65378d6f4c9f77317626576177fe3c5c
&lt;ws connecting&gt; ws://172.18.0.3:4444/session/65378d6f4c9f77317626576177fe3c5c/se/cdp
&lt;ws error&gt; ws://172.18.0.3:4444/session/65378d6f4c9f77317626576177fe3c5c/se/cdp error connect ETIMEDOUT 172.18.0.3:4444
&lt;ws connect error&gt; ws://172.18.0.3:4444/session/65378d6f4c9f77317626576177fe3c5c/se/cdp connect ETIMEDOUT 172.18.0.3:4444
&lt;ws disconnected&gt; ws://172.18.0.3:4444/session/65378d6f4c9f77317626576177fe3c5c/se/cdp code=1006 reason=
&lt;selenium&gt; disconnecting from sessionId=65378d6f4c9f77317626576177fe3c5c
&lt;selenium&gt; disconnected from sessionId=65378d6f4c9f77317626576177fe3c5c
============================================================
    at X.&lt;anonymous&gt; (C:\Users\soura\AppData\Local\Temp\playwright-java-17237855769777419548\package\lib\server\transport.js:43:16)
    at X.emit (node:events:525:35)
    at io (C:\Users\soura\AppData\Local\Temp\playwright-java-17237855769777419548\package\lib\utilsBundleImpl.js:37:36211)
    at ClientRequest.&lt;anonymous&gt; (C:\Users\soura\AppData\Local\Temp\playwright-java-17237855769777419548\package\lib\utilsBundleImpl.js:37:34667)
    at ClientRequest.emit (node:events:513:28)
    at Socket.socketErrorListener (node:_http_client:502:9)
    at Socket.emit (node:events:513:28)
    at emitErrorNT (node:internal/streams/destroy:151:8)
    at emitErrorCloseNT (node:internal/streams/destroy:116:3)
    at process.processTicksAndRejections (node:internal/process/task_queues:82:21)
}" type="com.microsoft.playwright.PlaywrightException">
      <![CDATA[com.microsoft.playwright.PlaywrightException: Error {
  message='WebSocket error: connect ETIMEDOUT 172.18.0.3:4444
=========================== logs ===========================
<selenium> connecting to http://localhost:4444/wd/hub/
<selenium> connected to sessionId=65378d6f4c9f77317626576177fe3c5c
<selenium> using selenium v4
<selenium> retrieved endpoint ws://172.18.0.3:4444/session/65378d6f4c9f77317626576177fe3c5c/se/cdp for sessionId=65378d6f4c9f77317626576177fe3c5c
<ws connecting> ws://172.18.0.3:4444/session/65378d6f4c9f77317626576177fe3c5c/se/cdp
<ws error> ws://172.18.0.3:4444/session/65378d6f4c9f77317626576177fe3c5c/se/cdp error connect ETIMEDOUT 172.18.0.3:4444
<ws connect error> ws://172.18.0.3:4444/session/65378d6f4c9f77317626576177fe3c5c/se/cdp connect ETIMEDOUT 172.18.0.3:4444
<ws disconnected> ws://172.18.0.3:4444/session/65378d6f4c9f77317626576177fe3c5c/se/cdp code=1006 reason=
<selenium> disconnecting from sessionId=65378d6f4c9f77317626576177fe3c5c
<selenium> disconnected from sessionId=65378d6f4c9f77317626576177fe3c5c
============================================================
  name='Error
  stack='Error: WebSocket error: connect ETIMEDOUT 172.18.0.3:4444
=========================== logs ===========================
<selenium> connecting to http://localhost:4444/wd/hub/
<selenium> connected to sessionId=65378d6f4c9f77317626576177fe3c5c
<selenium> using selenium v4
<selenium> retrieved endpoint ws://172.18.0.3:4444/session/65378d6f4c9f77317626576177fe3c5c/se/cdp for sessionId=65378d6f4c9f77317626576177fe3c5c
<ws connecting> ws://172.18.0.3:4444/session/65378d6f4c9f77317626576177fe3c5c/se/cdp
<ws error> ws://172.18.0.3:4444/session/65378d6f4c9f77317626576177fe3c5c/se/cdp error connect ETIMEDOUT 172.18.0.3:4444
<ws connect error> ws://172.18.0.3:4444/session/65378d6f4c9f77317626576177fe3c5c/se/cdp connect ETIMEDOUT 172.18.0.3:4444
<ws disconnected> ws://172.18.0.3:4444/session/65378d6f4c9f77317626576177fe3c5c/se/cdp code=1006 reason=
<selenium> disconnecting from sessionId=65378d6f4c9f77317626576177fe3c5c
<selenium> disconnected from sessionId=65378d6f4c9f77317626576177fe3c5c
============================================================
    at X.<anonymous> (C:\Users\soura\AppData\Local\Temp\playwright-java-17237855769777419548\package\lib\server\transport.js:43:16)
    at X.emit (node:events:525:35)
    at io (C:\Users\soura\AppData\Local\Temp\playwright-java-17237855769777419548\package\lib\utilsBundleImpl.js:37:36211)
    at ClientRequest.<anonymous> (C:\Users\soura\AppData\Local\Temp\playwright-java-17237855769777419548\package\lib\utilsBundleImpl.js:37:34667)
    at ClientRequest.emit (node:events:513:28)
    at Socket.socketErrorListener (node:_http_client:502:9)
    at Socket.emit (node:events:513:28)
    at emitErrorNT (node:internal/streams/destroy:151:8)
    at emitErrorCloseNT (node:internal/streams/destroy:116:3)
    at process.processTicksAndRejections (node:internal/process/task_queues:82:21)
}
at com.microsoft.playwright.impl.WaitableResult.get(WaitableResult.java:54)
at com.microsoft.playwright.impl.ChannelOwner.runUntil(ChannelOwner.java:111)
at com.microsoft.playwright.impl.Connection.sendMessage(Connection.java:126)
at com.microsoft.playwright.impl.ChannelOwner.sendMessage(ChannelOwner.java:102)
at com.microsoft.playwright.impl.BrowserTypeImpl.launchImpl(BrowserTypeImpl.java:52)
at com.microsoft.playwright.impl.BrowserTypeImpl.lambda$launch$0(BrowserTypeImpl.java:44)
at com.microsoft.playwright.impl.LoggingSupport.withLogging(LoggingSupport.java:47)
at com.microsoft.playwright.impl.ChannelOwner.withLogging(ChannelOwner.java:87)
at com.microsoft.playwright.impl.BrowserTypeImpl.launch(BrowserTypeImpl.java:44)
at com.microsoft.playwright.impl.BrowserTypeImpl.launch(BrowserTypeImpl.java:35)
at com.selenium.TestBase.selectBrowser(TestBase.java:60)
at com.selenium.TestBase.setupUrl(TestBase.java:91)
at com.selenium.TestBase.initializeTest(TestBase.java:121)
at java.base/jdk.internal.reflect.NativeMethodAccessorImpl.invoke0(Native Method)
at java.base/jdk.internal.reflect.NativeMethodAccessorImpl.invoke(NativeMethodAccessorImpl.java:64)
at java.base/jdk.internal.reflect.DelegatingMethodAccessorImpl.invoke(DelegatingMethodAccessorImpl.java:43)
at java.base/java.lang.reflect.Method.invoke(Method.java:564)
at org.testng.internal.invokers.MethodInvocationHelper.invokeMethod(MethodInvocationHelper.java:139)
at org.testng.internal.invokers.MethodInvocationHelper.invokeMethodConsideringTimeout(MethodInvocationHelper.java:69)
at org.testng.internal.invokers.ConfigInvoker.invokeConfigurationMethod(ConfigInvoker.java:361)
at org.testng.internal.invokers.ConfigInvoker.invokeConfigurations(ConfigInvoker.java:296)
at org.testng.internal.invokers.TestInvoker.runConfigMethods(TestInvoker.java:823)
at org.testng.internal.invokers.TestInvoker.invokeMethod(TestInvoker.java:590)
at org.testng.internal.invokers.TestInvoker.invokeTestMethod(TestInvoker.java:221)
at org.testng.internal.invokers.MethodRunner.runInSequence(MethodRunner.java:50)
at org.testng.internal.invokers.TestInvoker$MethodInvocationAgent.invoke(TestInvoker.java:969)
at org.testng.internal.invokers.TestInvoker.invokeTestMethods(TestInvoker.java:194)
at org.testng.internal.invokers.TestMethodWorker.invokeTestMethods(TestMethodWorker.java:148)
at org.testng.internal.invokers.TestMethodWorker.run(TestMethodWorker.java:128)
at java.base/java.util.ArrayList.forEach(ArrayList.java:1511)
at org.testng.TestRunner.privateRun(TestRunner.java:829)
at org.testng.TestRunner.run(TestRunner.java:602)
at org.testng.SuiteRunner.runTest(SuiteRunner.java:437)
at org.testng.SuiteRunner.runSequentially(SuiteRunner.java:431)
at org.testng.SuiteRunner.privateRun(SuiteRunner.java:391)
at org.testng.SuiteRunner.run(SuiteRunner.java:330)
at org.testng.SuiteRunnerWorker.runSuite(SuiteRunnerWorker.java:52)
at org.testng.SuiteRunnerWorker.run(SuiteRunnerWorker.java:95)
at org.testng.TestNG.runSuitesSequentially(TestNG.java:1256)
at org.testng.TestNG.runSuitesLocally(TestNG.java:1176)
at org.testng.TestNG.runSuites(TestNG.java:1099)
at org.testng.TestNG.run(TestNG.java:1067)
at org.testng.remote.AbstractRemoteTestNG.run(AbstractRemoteTestNG.java:115)
at org.testng.remote.RemoteTestNG.initAndRun(RemoteTestNG.java:251)
at org.testng.remote.RemoteTestNG.main(RemoteTestNG.java:77)
Caused by: com.microsoft.playwright.impl.DriverException: Error {
  message='WebSocket error: connect ETIMEDOUT 172.18.0.3:4444
=========================== logs ===========================
<selenium> connecting to http://localhost:4444/wd/hub/
<selenium> connected to sessionId=65378d6f4c9f77317626576177fe3c5c
<selenium> using selenium v4
<selenium> retrieved endpoint ws://172.18.0.3:4444/session/65378d6f4c9f77317626576177fe3c5c/se/cdp for sessionId=65378d6f4c9f77317626576177fe3c5c
<ws connecting> ws://172.18.0.3:4444/session/65378d6f4c9f77317626576177fe3c5c/se/cdp
<ws error> ws://172.18.0.3:4444/session/65378d6f4c9f77317626576177fe3c5c/se/cdp error connect ETIMEDOUT 172.18.0.3:4444
<ws connect error> ws://172.18.0.3:4444/session/65378d6f4c9f77317626576177fe3c5c/se/cdp connect ETIMEDOUT 172.18.0.3:4444
<ws disconnected> ws://172.18.0.3:4444/session/65378d6f4c9f77317626576177fe3c5c/se/cdp code=1006 reason=
<selenium> disconnecting from sessionId=65378d6f4c9f77317626576177fe3c5c
<selenium> disconnected from sessionId=65378d6f4c9f77317626576177fe3c5c
============================================================
  name='Error
  stack='Error: WebSocket error: connect ETIMEDOUT 172.18.0.3:4444
=========================== logs ===========================
<selenium> connecting to http://localhost:4444/wd/hub/
<selenium> connected to sessionId=65378d6f4c9f77317626576177fe3c5c
<selenium> using selenium v4
<selenium> retrieved endpoint ws://172.18.0.3:4444/session/65378d6f4c9f77317626576177fe3c5c/se/cdp for sessionId=65378d6f4c9f77317626576177fe3c5c
<ws connecting> ws://172.18.0.3:4444/session/65378d6f4c9f77317626576177fe3c5c/se/cdp
<ws error> ws://172.18.0.3:4444/session/65378d6f4c9f77317626576177fe3c5c/se/cdp error connect ETIMEDOUT 172.18.0.3:4444
<ws connect error> ws://172.18.0.3:4444/session/65378d6f4c9f77317626576177fe3c5c/se/cdp connect ETIMEDOUT 172.18.0.3:4444
<ws disconnected> ws://172.18.0.3:4444/session/65378d6f4c9f77317626576177fe3c5c/se/cdp code=1006 reason=
<selenium> disconnecting from sessionId=65378d6f4c9f77317626576177fe3c5c
<selenium> disconnected from sessionId=65378d6f4c9f77317626576177fe3c5c
============================================================
    at X.<anonymous> (C:\Users\soura\AppData\Local\Temp\playwright-java-17237855769777419548\package\lib\server\transport.js:43:16)
    at X.emit (node:events:525:35)
    at io (C:\Users\soura\AppData\Local\Temp\playwright-java-17237855769777419548\package\lib\utilsBundleImpl.js:37:36211)
    at ClientRequest.<anonymous> (C:\Users\soura\AppData\Local\Temp\playwright-java-17237855769777419548\package\lib\utilsBundleImpl.js:37:34667)
    at ClientRequest.emit (node:events:513:28)
    at Socket.socketErrorListener (node:_http_client:502:9)
    at Socket.emit (node:events:513:28)
    at emitErrorNT (node:internal/streams/destroy:151:8)
    at emitErrorCloseNT (node:internal/streams/destroy:116:3)
    at process.processTicksAndRejections (node:internal/process/task_queues:82:21)
}
at com.microsoft.playwright.impl.Connection.dispatch(Connection.java:226)
at com.microsoft.playwright.impl.Connection.processOneMessage(Connection.java:206)
at com.microsoft.playwright.impl.ChannelOwner.runUntil(ChannelOwner.java:109)
... 43 more
]]>
    </error>
  </testcase> <!-- initializeTest -->
  <system-out/>
  <testcase classname="com.playwrite.opencart.HomePageTest" name="TC_003" time="0.000">
    <skipped/>
  </testcase> <!-- TC_003 -->
  <system-out/>
  <testcase classname="com.playwrite.opencart.HomePageTest" name="TC_005" time="0.001">
    <skipped/>
  </testcase> <!-- TC_005 -->
  <system-out/>
</testsuite> <!-- com.playwrite.opencart.HomePageTest -->
