<?xml version="1.0" encoding="UTF-8"?>
<!-- Generated by org.testng.reporters.JUnitReportReporter -->
<testsuite hostname="LAPTOP-2D0MJJ4C" failures="0" tests="1" name="com.playwright.olympia.ProductCreation" time="15.411" errors="0" timestamp="2023-08-29T13:59:28 IST" skipped="0">
  <testcase classname="com.playwright.olympia.ProductCreation" name="TC017" time="15.411"/>
  <system-out/>
</testsuite> <!-- com.playwright.olympia.ProductCreation -->
