<?xml version="1.0" encoding="UTF-8"?>
<!-- Generated by org.testng.reporters.JUnitReportReporter -->
<testsuite hostname="LAPTOP-2D0MJJ4C" failures="0" tests="1" name="com.playwright.olympia.ListSelection" time="7.415" errors="0" timestamp="2023-08-23T16:14:49 IST" skipped="0">
  <testcase classname="com.playwright.olympia.ListSelection" name="TC011" time="7.415"/>
  <system-out/>
</testsuite> <!-- com.playwright.olympia.ListSelection -->
