<?xml version="1.0" encoding="UTF-8"?>
<!-- Generated by org.testng.reporters.JUnitReportReporter -->
<testsuite hostname="LAPTOP-2D0MJJ4C" failures="0" tests="2" name="com.playwright.olympia.ListSelection" time="3.581" errors="0" timestamp="2023-08-25T13:41:04 IST" skipped="0">
  <testcase classname="com.playwright.olympia.ListSelection" name="TC011" time="1.598"/>
  <system-out/>
  <testcase classname="com.playwright.olympia.ListSelection" name="TC012" time="1.983"/>
  <system-out/>
</testsuite> <!-- com.playwright.olympia.ListSelection -->
