<?xml version="1.0" encoding="UTF-8"?>
<!-- Generated by org.testng.reporters.JUnitReportReporter -->
<testsuite hostname="LAPTOP-2D0MJJ4C" failures="0" tests="5" name="com.playwright.olympia.ListSelection" time="37.367" errors="0" timestamp="2023-08-29T13:59:28 IST" skipped="0">
  <testcase classname="com.playwright.olympia.ListSelection" name="TC011" time="16.964"/>
  <system-out/>
  <testcase classname="com.playwright.olympia.ListSelection" name="TC013" time="1.895"/>
  <system-out/>
  <testcase classname="com.playwright.olympia.ListSelection" name="TC012" time="12.847"/>
  <system-out/>
  <testcase classname="com.playwright.olympia.ListSelection" name="TC015" time="3.010"/>
  <system-out/>
  <testcase classname="com.playwright.olympia.ListSelection" name="TC014" time="2.651"/>
  <system-out/>
</testsuite> <!-- com.playwright.olympia.ListSelection -->
