<?xml version="1.0" encoding="UTF-8"?>
<!-- Generated by org.testng.reporters.JUnitReportReporter -->
<testsuite hostname="LAPTOP-2D0MJJ4C" failures="0" tests="5" name="com.playwrite.opencart.HomePageTest" time="7.000" errors="0" timestamp="2023-08-07T15:14:20 IST" skipped="0">
  <testcase classname="com.playwrite.opencart.HomePageTest" name="TC_005" time="1.183"/>
  <system-out/>
  <testcase classname="com.playwrite.opencart.HomePageTest" name="TC_005" time="1.096"/>
  <system-out/>
  <testcase classname="com.playwrite.opencart.HomePageTest" name="TC_004" time="0.550"/>
  <system-out/>
  <testcase classname="com.playwrite.opencart.HomePageTest" name="TC_003" time="3.091"/>
  <system-out/>
  <testcase classname="com.playwrite.opencart.HomePageTest" name="TC_005" time="1.080"/>
  <system-out/>
</testsuite> <!-- com.playwrite.opencart.HomePageTest -->
