<?xml version="1.0" encoding="UTF-8"?>
<!-- Generated by org.testng.reporters.JUnitReportReporter -->
<testsuite hostname="LAPTOP-2D0MJJ4C" failures="0" tests="4" name="com.playwright.olympia.FileandBarCheck" time="38.840" errors="1" timestamp="2023-09-02T16:34:28 IST" skipped="2">
  <testcase classname="com.playwright.olympia.FileandBarCheck" name="TC021" time="7.359"/>
  <system-out/>
  <testcase classname="com.playwright.olympia.FileandBarCheck" name="TC022" time="31.481">
    <error message="Error {
  message=&#039;Timeout 30000ms exceeded.
=========================== logs ===========================
waiting for locator(&quot;xpath=//span[normalize-space()=&#039;Cancel&#039;]&quot;)
  locator resolved to &lt;span class=&quot;p-button-label ng-star-inserted&quot;&gt;Cancel&lt;/span&gt;
attempting click action
  waiting for element to be visible, enabled and stable
    element is not enabled - waiting...
============================================================
  name=&#039;TimeoutError
  stack=&#039;TimeoutError: Timeout 30000ms exceeded.
=========================== logs ===========================
waiting for locator(&quot;xpath=//span[normalize-space()=&#039;Cancel&#039;]&quot;)
  locator resolved to &lt;span class=&quot;p-button-label ng-star-inserted&quot;&gt;Cancel&lt;/span&gt;
attempting click action
  waiting for element to be visible, enabled and stable
    element is not enabled - waiting...
============================================================
    at ProgressController.run (C:\Users\soura\AppData\Local\Temp\playwright-java-2113522793927987148\package\lib\server\progress.js:88:26)
    at Frame.click (C:\Users\soura\AppData\Local\Temp\playwright-java-2113522793927987148\package\lib\server\frames.js:998:23)
    at FrameDispatcher.click (C:\Users\soura\AppData\Local\Temp\playwright-java-2113522793927987148\package\lib\server\dispatchers\frameDispatcher.js:151:30)
    at DispatcherConnection.dispatch (C:\Users\soura\AppData\Local\Temp\playwright-java-2113522793927987148\package\lib\server\dispatchers\dispatcher.js:312:46)
}" type="com.microsoft.playwright.TimeoutError">
      <![CDATA[com.microsoft.playwright.TimeoutError: Error {
  message='Timeout 30000ms exceeded.
=========================== logs ===========================
waiting for locator("xpath=//span[normalize-space()='Cancel']")
  locator resolved to <span class="p-button-label ng-star-inserted">Cancel</span>
attempting click action
  waiting for element to be visible, enabled and stable
    element is not enabled - waiting...
============================================================
  name='TimeoutError
  stack='TimeoutError: Timeout 30000ms exceeded.
=========================== logs ===========================
waiting for locator("xpath=//span[normalize-space()='Cancel']")
  locator resolved to <span class="p-button-label ng-star-inserted">Cancel</span>
attempting click action
  waiting for element to be visible, enabled and stable
    element is not enabled - waiting...
============================================================
    at ProgressController.run (C:\Users\soura\AppData\Local\Temp\playwright-java-2113522793927987148\package\lib\server\progress.js:88:26)
    at Frame.click (C:\Users\soura\AppData\Local\Temp\playwright-java-2113522793927987148\package\lib\server\frames.js:998:23)
    at FrameDispatcher.click (C:\Users\soura\AppData\Local\Temp\playwright-java-2113522793927987148\package\lib\server\dispatchers\frameDispatcher.js:151:30)
    at DispatcherConnection.dispatch (C:\Users\soura\AppData\Local\Temp\playwright-java-2113522793927987148\package\lib\server\dispatchers\dispatcher.js:312:46)
}
at com.microsoft.playwright.impl.WaitableResult.get(WaitableResult.java:52)
at com.microsoft.playwright.impl.ChannelOwner.runUntil(ChannelOwner.java:111)
at com.microsoft.playwright.impl.Connection.sendMessage(Connection.java:126)
at com.microsoft.playwright.impl.ChannelOwner.sendMessage(ChannelOwner.java:102)
at com.microsoft.playwright.impl.FrameImpl.clickImpl(FrameImpl.java:252)
at com.microsoft.playwright.impl.PageImpl.lambda$click$17(PageImpl.java:586)
at com.microsoft.playwright.impl.LoggingSupport.lambda$withLogging$0(LoggingSupport.java:36)
at com.microsoft.playwright.impl.LoggingSupport.withLogging(LoggingSupport.java:47)
at com.microsoft.playwright.impl.ChannelOwner.withLogging(ChannelOwner.java:87)
at com.microsoft.playwright.impl.LoggingSupport.withLogging(LoggingSupport.java:35)
at com.microsoft.playwright.impl.PageImpl.click(PageImpl.java:585)
at com.microsoft.playwright.Page.click(Page.java:3741)
at com.playwrite.pages.OlympiaFileNBarPage.removefile(OlympiaFileNBarPage.java:65)
at com.playwright.olympia.FileandBarCheck.TC022(FileandBarCheck.java:58)
at java.base/jdk.internal.reflect.NativeMethodAccessorImpl.invoke0(Native Method)
at java.base/jdk.internal.reflect.NativeMethodAccessorImpl.invoke(NativeMethodAccessorImpl.java:64)
at java.base/jdk.internal.reflect.DelegatingMethodAccessorImpl.invoke(DelegatingMethodAccessorImpl.java:43)
at java.base/java.lang.reflect.Method.invoke(Method.java:564)
at org.testng.internal.invokers.MethodInvocationHelper.invokeMethod(MethodInvocationHelper.java:139)
at org.testng.internal.invokers.TestInvoker.invokeMethod(TestInvoker.java:677)
at org.testng.internal.invokers.TestInvoker.invokeTestMethod(TestInvoker.java:221)
at org.testng.internal.invokers.MethodRunner.runInSequence(MethodRunner.java:50)
at org.testng.internal.invokers.TestInvoker$MethodInvocationAgent.invoke(TestInvoker.java:969)
at org.testng.internal.invokers.TestInvoker.invokeTestMethods(TestInvoker.java:194)
at org.testng.internal.invokers.TestMethodWorker.invokeTestMethods(TestMethodWorker.java:148)
at org.testng.internal.invokers.TestMethodWorker.run(TestMethodWorker.java:128)
at java.base/java.util.ArrayList.forEach(ArrayList.java:1511)
at org.testng.TestRunner.privateRun(TestRunner.java:829)
at org.testng.TestRunner.run(TestRunner.java:602)
at org.testng.SuiteRunner.runTest(SuiteRunner.java:437)
at org.testng.SuiteRunner$SuiteWorker.run(SuiteRunner.java:475)
at org.testng.internal.thread.ThreadUtil.lambda$execute$0(ThreadUtil.java:58)
at java.base/java.util.concurrent.FutureTask.run(FutureTask.java:264)
at java.base/java.util.concurrent.ThreadPoolExecutor.runWorker(ThreadPoolExecutor.java:1130)
at java.base/java.util.concurrent.ThreadPoolExecutor$Worker.run(ThreadPoolExecutor.java:630)
at java.base/java.lang.Thread.run(Thread.java:832)
Caused by: com.microsoft.playwright.TimeoutError: Error {
  message='Timeout 30000ms exceeded.
=========================== logs ===========================
waiting for locator("xpath=//span[normalize-space()='Cancel']")
  locator resolved to <span class="p-button-label ng-star-inserted">Cancel</span>
attempting click action
  waiting for element to be visible, enabled and stable
    element is not enabled - waiting...
============================================================
  name='TimeoutError
  stack='TimeoutError: Timeout 30000ms exceeded.
=========================== logs ===========================
waiting for locator("xpath=//span[normalize-space()='Cancel']")
  locator resolved to <span class="p-button-label ng-star-inserted">Cancel</span>
attempting click action
  waiting for element to be visible, enabled and stable
    element is not enabled - waiting...
============================================================
    at ProgressController.run (C:\Users\soura\AppData\Local\Temp\playwright-java-2113522793927987148\package\lib\server\progress.js:88:26)
    at Frame.click (C:\Users\soura\AppData\Local\Temp\playwright-java-2113522793927987148\package\lib\server\frames.js:998:23)
    at FrameDispatcher.click (C:\Users\soura\AppData\Local\Temp\playwright-java-2113522793927987148\package\lib\server\dispatchers\frameDispatcher.js:151:30)
    at DispatcherConnection.dispatch (C:\Users\soura\AppData\Local\Temp\playwright-java-2113522793927987148\package\lib\server\dispatchers\dispatcher.js:312:46)
}
at com.microsoft.playwright.impl.Connection.dispatch(Connection.java:224)
at com.microsoft.playwright.impl.Connection.processOneMessage(Connection.java:206)
at com.microsoft.playwright.impl.ChannelOwner.runUntil(ChannelOwner.java:109)
... 34 more
]]>
    </error>
  </testcase> <!-- TC022 -->
  <system-out/>
  <testcase classname="com.playwright.olympia.FileandBarCheck" name="TC019">
    <skipped/>
  </testcase> <!-- TC019 -->
  <system-out/>
  <testcase classname="com.playwright.olympia.FileandBarCheck" name="TC020">
    <skipped/>
  </testcase> <!-- TC020 -->
  <system-out/>
</testsuite> <!-- com.playwright.olympia.FileandBarCheck -->
