<?xml version="1.0" encoding="UTF-8"?>
<!-- Generated by org.testng.reporters.JUnitReportReporter -->
<testsuite hostname="LAPTOP-2D0MJJ4C" failures="0" tests="2" name="com.playwrite.opencart.SearchItems" time="6.995" errors="0" timestamp="2023-08-20T14:10:07 IST" skipped="0">
  <testcase classname="com.playwrite.opencart.SearchItems" name="TC_009" time="2.293"/>
  <system-out/>
  <testcase classname="com.playwrite.opencart.SearchItems" name="TC_008" time="4.702"/>
  <system-out/>
</testsuite> <!-- com.playwrite.opencart.SearchItems -->
