<?xml version="1.0" encoding="UTF-8"?>
<!-- Generated by org.testng.reporters.JUnitReportReporter -->
<testsuite hostname="LAPTOP-2D0MJJ4C" failures="0" tests="2" name="com.playwright.olympia.ListSelection" time="5.066" errors="0" timestamp="2023-08-23T16:26:28 IST" skipped="1">
  <testcase classname="com.playwright.olympia.ListSelection" name="TC012" time="5.066"/>
  <system-out/>
  <testcase classname="com.playwright.olympia.ListSelection" name="TC011">
    <skipped/>
  </testcase> <!-- TC011 -->
  <system-out/>
</testsuite> <!-- com.playwright.olympia.ListSelection -->
