<?xml version="1.0" encoding="UTF-8"?>
<!-- Generated by org.testng.reporters.JUnitReportReporter -->
<testsuite hostname="LAPTOP-2D0MJJ4C" failures="0" tests="5" name="com.playwright.olympia.ListSelection" time="10.328" errors="0" timestamp="2023-09-03T14:00:29 IST" skipped="0">
  <testcase classname="com.playwright.olympia.ListSelection" name="TC011" time="1.121"/>
  <system-out/>
  <testcase classname="com.playwright.olympia.ListSelection" name="TC015" time="2.707"/>
  <system-out/>
  <testcase classname="com.playwright.olympia.ListSelection" name="TC013" time="1.841"/>
  <system-out/>
  <testcase classname="com.playwright.olympia.ListSelection" name="TC012" time="2.024"/>
  <system-out/>
  <testcase classname="com.playwright.olympia.ListSelection" name="TC014" time="2.635"/>
  <system-out/>
</testsuite> <!-- com.playwright.olympia.ListSelection -->
