<?xml version="1.0" encoding="UTF-8"?>
<!-- Generated by org.testng.reporters.JUnitReportReporter -->
<testsuite hostname="LAPTOP-2D0MJJ4C" failures="0" tests="1" name="com.playwright.olympia.ProductCreation" time="5.997" errors="0" timestamp="2023-09-02T16:41:27 IST" skipped="0">
  <testcase classname="com.playwright.olympia.ProductCreation" name="TC017" time="5.997"/>
  <system-out/>
</testsuite> <!-- com.playwright.olympia.ProductCreation -->
