<?xml version="1.0" encoding="UTF-8"?>
<!-- Generated by org.testng.reporters.JUnitReportReporter -->
<testsuite hostname="LAPTOP-2D0MJJ4C" failures="0" tests="4" name="com.playwright.olympia.FileandBarCheck" time="8.323" errors="0" timestamp="2023-09-03T14:19:40 IST" skipped="1">
  <testcase classname="com.playwright.olympia.FileandBarCheck" name="TC019" time="6.211"/>
  <system-out/>
  <testcase classname="com.playwright.olympia.FileandBarCheck" name="TC021" time="1.004"/>
  <system-out/>
  <testcase classname="com.playwright.olympia.FileandBarCheck" name="TC020" time="1.108"/>
  <system-out/>
  <testcase classname="com.playwright.olympia.FileandBarCheck" name="TC022">
    <skipped/>
  </testcase> <!-- TC022 -->
  <system-out/>
</testsuite> <!-- com.playwright.olympia.FileandBarCheck -->
