<?xml version="1.0" encoding="UTF-8"?>
<!-- Generated by org.testng.reporters.JUnitReportReporter -->
<testsuite hostname="LAPTOP-2D0MJJ4C" failures="0" tests="5" name="com.playwright.olympia.ListSelection" time="8.303" errors="0" timestamp="2023-08-29T12:04:46 IST" skipped="4">
  <testcase classname="com.playwright.olympia.ListSelection" name="TC015" time="8.303"/>
  <system-out/>
  <testcase classname="com.playwright.olympia.ListSelection" name="TC011">
    <skipped/>
  </testcase> <!-- TC011 -->
  <system-out/>
  <testcase classname="com.playwright.olympia.ListSelection" name="TC012">
    <skipped/>
  </testcase> <!-- TC012 -->
  <system-out/>
  <testcase classname="com.playwright.olympia.ListSelection" name="TC013">
    <skipped/>
  </testcase> <!-- TC013 -->
  <system-out/>
  <testcase classname="com.playwright.olympia.ListSelection" name="TC014">
    <skipped/>
  </testcase> <!-- TC014 -->
  <system-out/>
</testsuite> <!-- com.playwright.olympia.ListSelection -->
