<?xml version="1.0" encoding="UTF-8"?>
<!-- Generated by org.testng.reporters.JUnitReportReporter -->
<testsuite hostname="LAPTOP-2D0MJJ4C" failures="0" tests="1" name="com.playwright.olympia.MenuCheck" time="3.111" errors="0" timestamp="2023-09-02T16:34:28 IST" skipped="0">
  <testcase classname="com.playwright.olympia.MenuCheck" name="TC018" time="3.111"/>
  <system-out/>
</testsuite> <!-- com.playwright.olympia.MenuCheck -->
