<?xml version="1.0" encoding="UTF-8"?>
<!-- Generated by org.testng.reporters.JUnitReportReporter -->
<testsuite hostname="LAPTOP-2D0MJJ4C" failures="0" tests="2" name="com.selenium.PlaywriteTest" time="17.048" errors="0" timestamp="2023-08-03T16:20:12 IST" skipped="0">
  <testcase classname="com.selenium.PlaywriteTest" name="TC_002" time="9.913"/>
  <system-out/>
  <testcase classname="com.selenium.PlaywriteTest" name="TC_001" time="7.135"/>
  <system-out/>
</testsuite> <!-- com.selenium.PlaywriteTest -->
