<?xml version="1.0" encoding="UTF-8"?>
<!-- Generated by org.testng.reporters.JUnitReportReporter -->
<testsuite hostname="LAPTOP-2D0MJJ4C" failures="0" tests="1" name="com.playwright.olympia.MenuCheck" time="2.823" errors="0" timestamp="2023-08-29T13:59:28 IST" skipped="0">
  <testcase classname="com.playwright.olympia.MenuCheck" name="TC018" time="2.823"/>
  <system-out/>
</testsuite> <!-- com.playwright.olympia.MenuCheck -->
