<?xml version="1.0" encoding="UTF-8"?>
<!-- Generated by org.testng.reporters.JUnitReportReporter -->
<testsuite hostname="LAPTOP-2D0MJJ4C" failures="0" tests="1" name="com.playwright.olympia.Webtables" time="2.378" errors="0" timestamp="2023-09-02T16:41:27 IST" skipped="0">
  <testcase classname="com.playwright.olympia.Webtables" name="TC010" time="2.378"/>
  <system-out/>
</testsuite> <!-- com.playwright.olympia.Webtables -->
