<?xml version="1.0" encoding="UTF-8"?>
<!-- Generated by org.testng.reporters.JUnitReportReporter -->
<testsuite hostname="LAPTOP-2D0MJJ4C" failures="0" tests="4" name="com.playwright.olympia.FileandBarCheck" time="7.638" errors="2" timestamp="2023-09-02T16:41:27 IST" skipped="2">
  <testcase classname="com.playwright.olympia.FileandBarCheck" name="TC022" time="1.113">
    <error message="Cannot get file size." type="com.microsoft.playwright.PlaywrightException">
      <![CDATA[com.microsoft.playwright.PlaywrightException: Cannot get file size.
at com.microsoft.playwright.impl.Utils.hasLargeFile(Utils.java:170)
at com.microsoft.playwright.impl.FrameImpl.setInputFilesImpl(FrameImpl.java:764)
at com.microsoft.playwright.impl.PageImpl.lambda$setInputFiles$74(PageImpl.java:1171)
at com.microsoft.playwright.impl.LoggingSupport.lambda$withLogging$0(LoggingSupport.java:36)
at com.microsoft.playwright.impl.LoggingSupport.withLogging(LoggingSupport.java:47)
at com.microsoft.playwright.impl.ChannelOwner.withLogging(ChannelOwner.java:87)
at com.microsoft.playwright.impl.LoggingSupport.withLogging(LoggingSupport.java:35)
at com.microsoft.playwright.impl.PageImpl.setInputFiles(PageImpl.java:1170)
at com.microsoft.playwright.impl.PageImpl.setInputFiles(PageImpl.java:1165)
at com.microsoft.playwright.Page.setInputFiles(Page.java:6745)
at com.playwrite.pages.OlympiaFileNBarPage.chooseAndUploadFile(OlympiaFileNBarPage.java:55)
at com.playwright.olympia.FileandBarCheck.TC022(FileandBarCheck.java:57)
at java.base/jdk.internal.reflect.NativeMethodAccessorImpl.invoke0(Native Method)
at java.base/jdk.internal.reflect.NativeMethodAccessorImpl.invoke(NativeMethodAccessorImpl.java:64)
at java.base/jdk.internal.reflect.DelegatingMethodAccessorImpl.invoke(DelegatingMethodAccessorImpl.java:43)
at java.base/java.lang.reflect.Method.invoke(Method.java:564)
at org.testng.internal.invokers.MethodInvocationHelper.invokeMethod(MethodInvocationHelper.java:139)
at org.testng.internal.invokers.TestInvoker.invokeMethod(TestInvoker.java:677)
at org.testng.internal.invokers.TestInvoker.invokeTestMethod(TestInvoker.java:221)
at org.testng.internal.invokers.MethodRunner.runInSequence(MethodRunner.java:50)
at org.testng.internal.invokers.TestInvoker$MethodInvocationAgent.invoke(TestInvoker.java:969)
at org.testng.internal.invokers.TestInvoker.invokeTestMethods(TestInvoker.java:194)
at org.testng.internal.invokers.TestMethodWorker.invokeTestMethods(TestMethodWorker.java:148)
at org.testng.internal.invokers.TestMethodWorker.run(TestMethodWorker.java:128)
at java.base/java.util.ArrayList.forEach(ArrayList.java:1511)
at org.testng.TestRunner.privateRun(TestRunner.java:829)
at org.testng.TestRunner.run(TestRunner.java:602)
at org.testng.SuiteRunner.runTest(SuiteRunner.java:437)
at org.testng.SuiteRunner$SuiteWorker.run(SuiteRunner.java:475)
at org.testng.internal.thread.ThreadUtil.lambda$execute$0(ThreadUtil.java:58)
at java.base/java.util.concurrent.FutureTask.run(FutureTask.java:264)
at java.base/java.util.concurrent.ThreadPoolExecutor.runWorker(ThreadPoolExecutor.java:1130)
at java.base/java.util.concurrent.ThreadPoolExecutor$Worker.run(ThreadPoolExecutor.java:630)
at java.base/java.lang.Thread.run(Thread.java:832)
Caused by: java.nio.file.NoSuchFileException: TC_001.png
at java.base/sun.nio.fs.WindowsException.translateToIOException(WindowsException.java:85)
at java.base/sun.nio.fs.WindowsException.rethrowAsIOException(WindowsException.java:103)
at java.base/sun.nio.fs.WindowsException.rethrowAsIOException(WindowsException.java:108)
at java.base/sun.nio.fs.WindowsFileAttributeViews$Basic.readAttributes(WindowsFileAttributeViews.java:53)
at java.base/sun.nio.fs.WindowsFileAttributeViews$Basic.readAttributes(WindowsFileAttributeViews.java:38)
at java.base/sun.nio.fs.WindowsFileSystemProvider.readAttributes(WindowsFileSystemProvider.java:198)
at java.base/java.nio.file.Files.readAttributes(Files.java:1843)
at java.base/java.nio.file.Files.size(Files.java:2460)
at com.microsoft.playwright.impl.Utils.hasLargeFile(Utils.java:168)
... 33 more
]]>
    </error>
  </testcase> <!-- TC022 -->
  <system-out/>
  <testcase classname="com.playwright.olympia.FileandBarCheck" name="TC021" time="6.525">
    <error message="Cannot get file size." type="com.microsoft.playwright.PlaywrightException">
      <![CDATA[com.microsoft.playwright.PlaywrightException: Cannot get file size.
at com.microsoft.playwright.impl.Utils.hasLargeFile(Utils.java:170)
at com.microsoft.playwright.impl.FrameImpl.setInputFilesImpl(FrameImpl.java:764)
at com.microsoft.playwright.impl.PageImpl.lambda$setInputFiles$74(PageImpl.java:1171)
at com.microsoft.playwright.impl.LoggingSupport.lambda$withLogging$0(LoggingSupport.java:36)
at com.microsoft.playwright.impl.LoggingSupport.withLogging(LoggingSupport.java:47)
at com.microsoft.playwright.impl.ChannelOwner.withLogging(ChannelOwner.java:87)
at com.microsoft.playwright.impl.LoggingSupport.withLogging(LoggingSupport.java:35)
at com.microsoft.playwright.impl.PageImpl.setInputFiles(PageImpl.java:1170)
at com.microsoft.playwright.impl.PageImpl.setInputFiles(PageImpl.java:1165)
at com.microsoft.playwright.Page.setInputFiles(Page.java:6745)
at com.playwrite.pages.OlympiaFileNBarPage.chooseAndUploadFile(OlympiaFileNBarPage.java:55)
at com.playwright.olympia.FileandBarCheck.TC021(FileandBarCheck.java:45)
at java.base/jdk.internal.reflect.NativeMethodAccessorImpl.invoke0(Native Method)
at java.base/jdk.internal.reflect.NativeMethodAccessorImpl.invoke(NativeMethodAccessorImpl.java:64)
at java.base/jdk.internal.reflect.DelegatingMethodAccessorImpl.invoke(DelegatingMethodAccessorImpl.java:43)
at java.base/java.lang.reflect.Method.invoke(Method.java:564)
at org.testng.internal.invokers.MethodInvocationHelper.invokeMethod(MethodInvocationHelper.java:139)
at org.testng.internal.invokers.TestInvoker.invokeMethod(TestInvoker.java:677)
at org.testng.internal.invokers.TestInvoker.invokeTestMethod(TestInvoker.java:221)
at org.testng.internal.invokers.MethodRunner.runInSequence(MethodRunner.java:50)
at org.testng.internal.invokers.TestInvoker$MethodInvocationAgent.invoke(TestInvoker.java:969)
at org.testng.internal.invokers.TestInvoker.invokeTestMethods(TestInvoker.java:194)
at org.testng.internal.invokers.TestMethodWorker.invokeTestMethods(TestMethodWorker.java:148)
at org.testng.internal.invokers.TestMethodWorker.run(TestMethodWorker.java:128)
at java.base/java.util.ArrayList.forEach(ArrayList.java:1511)
at org.testng.TestRunner.privateRun(TestRunner.java:829)
at org.testng.TestRunner.run(TestRunner.java:602)
at org.testng.SuiteRunner.runTest(SuiteRunner.java:437)
at org.testng.SuiteRunner$SuiteWorker.run(SuiteRunner.java:475)
at org.testng.internal.thread.ThreadUtil.lambda$execute$0(ThreadUtil.java:58)
at java.base/java.util.concurrent.FutureTask.run(FutureTask.java:264)
at java.base/java.util.concurrent.ThreadPoolExecutor.runWorker(ThreadPoolExecutor.java:1130)
at java.base/java.util.concurrent.ThreadPoolExecutor$Worker.run(ThreadPoolExecutor.java:630)
at java.base/java.lang.Thread.run(Thread.java:832)
Caused by: java.nio.file.NoSuchFileException: TC_001.png
at java.base/sun.nio.fs.WindowsException.translateToIOException(WindowsException.java:85)
at java.base/sun.nio.fs.WindowsException.rethrowAsIOException(WindowsException.java:103)
at java.base/sun.nio.fs.WindowsException.rethrowAsIOException(WindowsException.java:108)
at java.base/sun.nio.fs.WindowsFileAttributeViews$Basic.readAttributes(WindowsFileAttributeViews.java:53)
at java.base/sun.nio.fs.WindowsFileAttributeViews$Basic.readAttributes(WindowsFileAttributeViews.java:38)
at java.base/sun.nio.fs.WindowsFileSystemProvider.readAttributes(WindowsFileSystemProvider.java:198)
at java.base/java.nio.file.Files.readAttributes(Files.java:1843)
at java.base/java.nio.file.Files.size(Files.java:2460)
at com.microsoft.playwright.impl.Utils.hasLargeFile(Utils.java:168)
... 33 more
]]>
    </error>
  </testcase> <!-- TC021 -->
  <system-out/>
  <testcase classname="com.playwright.olympia.FileandBarCheck" name="TC019">
    <skipped/>
  </testcase> <!-- TC019 -->
  <system-out/>
  <testcase classname="com.playwright.olympia.FileandBarCheck" name="TC020">
    <skipped/>
  </testcase> <!-- TC020 -->
  <system-out/>
</testsuite> <!-- com.playwright.olympia.FileandBarCheck -->
