<?xml version="1.0" encoding="UTF-8"?>
<!-- Generated by org.testng.reporters.JUnitReportReporter -->
<testsuite hostname="LAPTOP-2D0MJJ4C" failures="0" tests="4" name="com.playwright.olympia.ListSelection" time="7.940" errors="0" timestamp="2023-08-28T15:42:31 IST" skipped="3">
  <testcase classname="com.playwright.olympia.ListSelection" name="TC014" time="7.940"/>
  <system-out/>
  <testcase classname="com.playwright.olympia.ListSelection" name="TC013">
    <skipped/>
  </testcase> <!-- TC013 -->
  <system-out/>
  <testcase classname="com.playwright.olympia.ListSelection" name="TC012">
    <skipped/>
  </testcase> <!-- TC012 -->
  <system-out/>
  <testcase classname="com.playwright.olympia.ListSelection" name="TC011">
    <skipped/>
  </testcase> <!-- TC011 -->
  <system-out/>
</testsuite> <!-- com.playwright.olympia.ListSelection -->
