<?xml version="1.0" encoding="UTF-8"?>
<!-- Generated by org.testng.reporters.JUnitReportReporter -->
<testsuite hostname="LAPTOP-2D0MJJ4C" failures="0" tests="4" name="com.playwright.olympia.FileandBarCheck" time="5.194" errors="0" timestamp="2023-08-25T13:41:04 IST" skipped="3">
  <testcase classname="com.playwright.olympia.FileandBarCheck" name="TC015" time="5.194"/>
  <system-out/>
  <testcase classname="com.playwright.olympia.FileandBarCheck" name="TC016">
    <skipped/>
  </testcase> <!-- TC016 -->
  <system-out/>
  <testcase classname="com.playwright.olympia.FileandBarCheck" name="TC014">
    <skipped/>
  </testcase> <!-- TC014 -->
  <system-out/>
  <testcase classname="com.playwright.olympia.FileandBarCheck" name="TC013">
    <skipped/>
  </testcase> <!-- TC013 -->
  <system-out/>
</testsuite> <!-- com.playwright.olympia.FileandBarCheck -->
