<?xml version="1.0" encoding="UTF-8"?>
<!-- Generated by org.testng.reporters.JUnitReportReporter -->
<testsuite hostname="LAPTOP-2D0MJJ4C" failures="0" tests="5" name="com.playwright.olympia.ListSelection" time="12.597" errors="0" timestamp="2023-09-02T16:34:28 IST" skipped="0">
  <testcase classname="com.playwright.olympia.ListSelection" name="TC012" time="2.061"/>
  <system-out/>
  <testcase classname="com.playwright.olympia.ListSelection" name="TC015" time="2.806"/>
  <system-out/>
  <testcase classname="com.playwright.olympia.ListSelection" name="TC013" time="1.908"/>
  <system-out/>
  <testcase classname="com.playwright.olympia.ListSelection" name="TC014" time="2.676"/>
  <system-out/>
  <testcase classname="com.playwright.olympia.ListSelection" name="TC011" time="3.146"/>
  <system-out/>
</testsuite> <!-- com.playwright.olympia.ListSelection -->
